* D:\KURSACH\AUTODEANYDOCU_APP.TXT

* This file is a generated, framework-enabling component
* created by APPBUILDER 
* (c) Microsoft Corporation


* Projecthook log file for:
* D:\KURSACH\AUTODEANYDOCU.PJX

* This file holds date-time stamped log entries for automated 
* alterations made to this framework-enabled project. 




 

* -- 06/02/16 03:26:32 PM -- Updated project with new Application Builder settings.
* -- 06/02/16 10:34:26 PM -- Updated project with new Application Builder settings.
* -- 06/02/16 10:37:31 PM -- Updated project with new Application Builder settings.
* -- 06/03/16 06:08:18 PM -- Updated project with new Application Builder settings.
* -- 06/03/16 06:14:34 PM -- Updated project with new Application Builder settings.
* -- 06/05/16 01:10:11 PM -- Updated project with new Application Builder settings.
* -- 06/05/16 06:44:53 PM -- Updated project with new Application Builder settings.
* -- 06/05/16 08:01:37 PM -- Updated project with new Application Builder settings.
* -- 06/05/16 08:20:04 PM -- Updated project with new Application Builder settings.
* -- 06/05/16 08:47:29 PM -- Updated project with new Application Builder settings.
* -- 06/05/16 08:54:38 PM -- Updated project with new Application Builder settings.
* -- 06/05/16 08:58:13 PM -- Updated project with new Application Builder settings.
* -- 06/05/16 10:46:10 PM -- Updated project with new Application Builder settings.
* -- 06/05/16 11:18:44 PM -- Updated project with new Application Builder settings.
* -- 06/05/16 11:59:56 PM -- Updated project with new Application Builder settings.
* -- 06/06/16 12:29:03 AM -- Updated project with new Application Builder settings.
* -- 06/06/16 12:33:31 AM -- Updated project with new Application Builder settings.
* -- 06/06/16 12:55:09 AM -- Updated project with new Application Builder settings.
* -- 06/06/16 01:23:42 AM -- Updated project with new Application Builder settings.
* -- 06/06/16 02:42:58 AM -- Updated project with new Application Builder settings.
* -- 06/06/16 02:47:30 AM -- Updated project with new Application Builder settings.
* -- 06/06/16 01:38:11 PM -- Updated project with new Application Builder settings.
* -- 06/06/16 03:19:04 PM -- Updated project with new Application Builder settings.
* -- 06/06/16 03:30:47 PM -- Updated project with new Application Builder settings.
* -- 06/06/16 06:46:01 PM -- Updated project with new Application Builder settings.
* -- 06/06/16 06:47:26 PM -- Updated project with new Application Builder settings.
* -- 06/07/16 12:20:55 AM -- Updated project with new Application Builder settings.
* -- 06/07/16 12:24:09 AM -- Updated project with new Application Builder settings.
* -- 06/09/16 04:29:56 PM -- Updated project with new Application Builder settings.
* -- 06/09/16 04:32:15 PM -- Updated project with new Application Builder settings.
* -- 06/09/16 05:32:55 PM -- Updated project with new Application Builder settings.
* -- 06/09/16 06:34:35 PM -- Updated project with new Application Builder settings.
* -- 06/09/16 06:59:34 PM -- Updated project with new Application Builder settings.
* -- 06/09/16 08:09:59 PM -- Updated project with new Application Builder settings.
* -- 06/09/16 11:11:02 PM -- Updated project with new Application Builder settings.
* -- 06/09/16 11:12:25 PM -- Updated project with new Application Builder settings.
* -- 06/09/16 11:12:58 PM -- Updated project with new Application Builder settings.
* -- 06/09/16 11:13:06 PM -- Updated project with new Application Builder settings.
* -- 06/09/16 11:13:16 PM -- Updated project with new Application Builder settings.
* -- 06/09/16 11:13:26 PM -- Updated project with new Application Builder settings.
* -- 06/09/16 11:13:41 PM -- Updated project with new Application Builder settings.
* -- 06/09/16 11:14:31 PM -- Updated project with new Application Builder settings.
* -- 06/09/16 11:15:23 PM -- Updated project with new Application Builder settings.
* -- 06/09/16 11:49:33 PM -- Updated project with new Application Builder settings.
* -- 06/10/16 08:58:35 PM -- Updated project with new Application Builder settings.
* -- 06/10/16 09:41:08 PM -- Updated project with new Application Builder settings.
* -- 06/10/16 11:04:21 PM -- Updated project with new Application Builder settings.
* -- 06/10/16 11:16:44 PM -- Updated project with new Application Builder settings.
* -- 06/11/16 12:54:48 AM -- Updated project with new Application Builder settings.
* -- 06/11/16 12:56:12 AM -- Updated project with new Application Builder settings.
* -- 06/11/16 01:00:15 AM -- Updated project with new Application Builder settings.
* -- 06/11/16 01:39:47 AM -- Updated project with new Application Builder settings.
* -- 06/11/16 01:44:14 AM -- Updated project with new Application Builder settings.
* -- 06/11/16 01:49:23 AM -- Updated project with new Application Builder settings.
* -- 06/11/16 01:58:54 AM -- Updated project with new Application Builder settings.
* -- 06/11/16 02:23:59 AM -- Updated project with new Application Builder settings.
* -- 06/11/16 02:27:38 AM -- Updated project with new Application Builder settings.
* -- 06/11/16 02:28:23 AM -- Updated project with new Application Builder settings.
* -- 06/11/16 02:49:19 AM -- Updated project with new Application Builder settings.
* -- 06/11/16 01:44:29 PM -- Updated project with new Application Builder settings.
* -- 06/11/16 01:52:56 PM -- Updated project with new Application Builder settings.
* -- 06/11/16 01:53:55 PM -- Updated project with new Application Builder settings.
* -- 06/11/16 09:15:49 PM -- Updated project with new Application Builder settings.
* -- 06/11/16 09:17:59 PM -- Updated project with new Application Builder settings.
* -- 06/11/16 09:31:42 PM -- Updated project with new Application Builder settings.
* -- 06/11/16 10:18:32 PM -- Updated project with new Application Builder settings.
* -- 06/11/16 10:24:26 PM -- Updated project with new Application Builder settings.
* -- 06/11/16 11:52:21 PM -- Updated project with new Application Builder settings.
* -- 06/11/16 11:54:49 PM -- Updated project with new Application Builder settings.
* -- 06/11/16 11:57:26 PM -- Updated project with new Application Builder settings.
* -- 06/12/16 01:48:10 AM -- Updated project with new Application Builder settings.
* -- 06/12/16 02:49:35 PM -- Updated project with new Application Builder settings.
* -- 06/12/16 04:25:42 PM -- Updated project with new Application Builder settings.
* -- 06/12/16 04:39:59 PM -- Updated project with new Application Builder settings.
* -- 06/20/16 03:11:58 AM -- Updated project with new Application Builder settings.
* -- 06/20/16 03:36:01 AM -- Updated project with new Application Builder settings.
* -- 06/21/16 02:08:04 AM -- Updated project with new Application Builder settings.
* -- 06/22/16 12:34:27 AM -- Updated project with new Application Builder settings.